Build started 5/6/2014 9:48:06 PM.
     1>Project "E:\My Useful Stuff\School Stuff\freshman\cmpsci122\project\FinalProject\FinalProject\FinalProject.vcxproj" on node 2 (Build target(s)).
     1>ClCompile:
         C:\Program Files (x86)\Microsoft Visual Studio 11.0\VC\bin\CL.exe /c /ZI /nologo /W3 /WX- /Od /Oy- /D _MBCS /Gm- /EHsc /RTC1 /MDd /GS /fp:precise /Zc:wchar_t /Zc:forScope /Fo"Debug\\" /Fd"Debug\vc110.pdb" /Gd /TP /analyze- /errorReport:prompt Document.cpp Line.cpp Plot.cpp main.cpp
         Document.cpp
     1>e:\my useful stuff\school stuff\freshman\cmpsci122\project\finalproject\finalproject\document.cpp(345): warning C4018: '<' : signed/unsigned mismatch
     1>e:\my useful stuff\school stuff\freshman\cmpsci122\project\finalproject\finalproject\document.cpp(424): warning C4018: '<' : signed/unsigned mismatch
     1>e:\my useful stuff\school stuff\freshman\cmpsci122\project\finalproject\finalproject\document.cpp(427): warning C4018: '<' : signed/unsigned mismatch
     1>e:\my useful stuff\school stuff\freshman\cmpsci122\project\finalproject\finalproject\document.cpp(431): warning C4018: '<' : signed/unsigned mismatch
     1>e:\my useful stuff\school stuff\freshman\cmpsci122\project\finalproject\finalproject\document.cpp(456): warning C4258: 'i' : definition from the for loop is ignored; the definition from the enclosing scope is used
                 e:\my useful stuff\school stuff\freshman\cmpsci122\project\finalproject\finalproject\document.cpp(431) : definition of 'i' ignored
                 e:\my useful stuff\school stuff\freshman\cmpsci122\project\finalproject\finalproject\document.cpp(424) : definition of 'i' used
     1>e:\my useful stuff\school stuff\freshman\cmpsci122\project\finalproject\finalproject\document.cpp(463): warning C4258: 'i' : definition from the for loop is ignored; the definition from the enclosing scope is used
                 e:\my useful stuff\school stuff\freshman\cmpsci122\project\finalproject\finalproject\document.cpp(431) : definition of 'i' ignored
                 e:\my useful stuff\school stuff\freshman\cmpsci122\project\finalproject\finalproject\document.cpp(424) : definition of 'i' used
     1>e:\my useful stuff\school stuff\freshman\cmpsci122\project\finalproject\finalproject\document.cpp(488): warning C4018: '<' : signed/unsigned mismatch
     1>e:\my useful stuff\school stuff\freshman\cmpsci122\project\finalproject\finalproject\document.cpp(782): warning C4018: '<' : signed/unsigned mismatch
     1>e:\my useful stuff\school stuff\freshman\cmpsci122\project\finalproject\finalproject\document.cpp(786): warning C4018: '<' : signed/unsigned mismatch
     1>e:\my useful stuff\school stuff\freshman\cmpsci122\project\finalproject\finalproject\document.cpp(796): warning C4258: 'i' : definition from the for loop is ignored; the definition from the enclosing scope is used
                 e:\my useful stuff\school stuff\freshman\cmpsci122\project\finalproject\finalproject\document.cpp(786) : definition of 'i' ignored
                 e:\my useful stuff\school stuff\freshman\cmpsci122\project\finalproject\finalproject\document.cpp(776) : definition of 'i' used
     1>e:\my useful stuff\school stuff\freshman\cmpsci122\project\finalproject\finalproject\document.cpp(799): warning C4258: 'i' : definition from the for loop is ignored; the definition from the enclosing scope is used
                 e:\my useful stuff\school stuff\freshman\cmpsci122\project\finalproject\finalproject\document.cpp(786) : definition of 'i' ignored
                 e:\my useful stuff\school stuff\freshman\cmpsci122\project\finalproject\finalproject\document.cpp(776) : definition of 'i' used
     1>e:\my useful stuff\school stuff\freshman\cmpsci122\project\finalproject\finalproject\document.cpp(800): warning C4258: 'i' : definition from the for loop is ignored; the definition from the enclosing scope is used
                 e:\my useful stuff\school stuff\freshman\cmpsci122\project\finalproject\finalproject\document.cpp(786) : definition of 'i' ignored
                 e:\my useful stuff\school stuff\freshman\cmpsci122\project\finalproject\finalproject\document.cpp(776) : definition of 'i' used
     1>e:\my useful stuff\school stuff\freshman\cmpsci122\project\finalproject\finalproject\document.cpp(804): warning C4258: 'i' : definition from the for loop is ignored; the definition from the enclosing scope is used
                 e:\my useful stuff\school stuff\freshman\cmpsci122\project\finalproject\finalproject\document.cpp(786) : definition of 'i' ignored
                 e:\my useful stuff\school stuff\freshman\cmpsci122\project\finalproject\finalproject\document.cpp(776) : definition of 'i' used
     1>e:\my useful stuff\school stuff\freshman\cmpsci122\project\finalproject\finalproject\document.cpp(834): warning C4018: '<' : signed/unsigned mismatch
     1>e:\my useful stuff\school stuff\freshman\cmpsci122\project\finalproject\finalproject\document.cpp(883): warning C4018: '<' : signed/unsigned mismatch
     1>e:\my useful stuff\school stuff\freshman\cmpsci122\project\finalproject\finalproject\document.cpp(932): warning C4018: '<' : signed/unsigned mismatch
     1>e:\my useful stuff\school stuff\freshman\cmpsci122\project\finalproject\finalproject\document.cpp(981): warning C4018: '<' : signed/unsigned mismatch
     1>e:\my useful stuff\school stuff\freshman\cmpsci122\project\finalproject\finalproject\metrics.h(68): warning C4018: '<' : signed/unsigned mismatch
                 e:\my useful stuff\school stuff\freshman\cmpsci122\project\finalproject\finalproject\document.cpp(452) : see reference to function template instantiation 'bool Metrics::equals<T>(T,T)' being compiled
                 with
                 [
                     T=std::string
                 ]
     1>e:\my useful stuff\school stuff\freshman\cmpsci122\project\finalproject\finalproject\metrics.h(73): warning C4018: '<' : signed/unsigned mismatch
     1>e:\my useful stuff\school stuff\freshman\cmpsci122\project\finalproject\finalproject\metrics.h(298): warning C4244: 'initializing' : conversion from 'double' to 'int', possible loss of data
                 e:\my useful stuff\school stuff\freshman\cmpsci122\project\finalproject\finalproject\document.cpp(663) : see reference to function template instantiation 'Node<T> *Metrics::mergeSortLinkedListByCount<std::string>(Node<T> *)' being compiled
                 with
                 [
                     T=std::string
                 ]
         Line.cpp
     1>e:\my useful stuff\school stuff\freshman\cmpsci122\project\finalproject\finalproject\line.cpp(169): warning C4018: '<' : signed/unsigned mismatch
     1>e:\my useful stuff\school stuff\freshman\cmpsci122\project\finalproject\finalproject\line.cpp(187): warning C4018: '<' : signed/unsigned mismatch
         Plot.cpp
     1>e:\my useful stuff\school stuff\freshman\cmpsci122\project\finalproject\finalproject\plot.cpp(58): warning C4244: 'argument' : conversion from 'double' to 'int', possible loss of data
     1>e:\my useful stuff\school stuff\freshman\cmpsci122\project\finalproject\finalproject\plot.cpp(214): warning C4244: 'return' : conversion from 'double' to 'int', possible loss of data
     1>e:\my useful stuff\school stuff\freshman\cmpsci122\project\finalproject\finalproject\plot.cpp(217): warning C4244: 'return' : conversion from 'double' to 'int', possible loss of data
     1>e:\my useful stuff\school stuff\freshman\cmpsci122\project\finalproject\finalproject\plot.cpp(233): warning C4244: 'initializing' : conversion from 'double' to 'int', possible loss of data
     1>e:\my useful stuff\school stuff\freshman\cmpsci122\project\finalproject\finalproject\plot.cpp(240): warning C4244: 'initializing' : conversion from 'double' to 'int', possible loss of data
     1>e:\my useful stuff\school stuff\freshman\cmpsci122\project\finalproject\finalproject\plot.cpp(307): warning C4244: 'initializing' : conversion from 'double' to 'int', possible loss of data
     1>e:\my useful stuff\school stuff\freshman\cmpsci122\project\finalproject\finalproject\plot.cpp(351): warning C4244: 'initializing' : conversion from 'double' to 'int', possible loss of data
     1>e:\my useful stuff\school stuff\freshman\cmpsci122\project\finalproject\finalproject\plot.cpp(385): warning C4018: '<' : signed/unsigned mismatch
     1>e:\my useful stuff\school stuff\freshman\cmpsci122\project\finalproject\finalproject\plot.cpp(400): warning C4244: 'initializing' : conversion from 'double' to 'int', possible loss of data
     1>e:\my useful stuff\school stuff\freshman\cmpsci122\project\finalproject\finalproject\plot.cpp(400): warning C4244: '=' : conversion from 'double' to 'int', possible loss of data
     1>e:\my useful stuff\school stuff\freshman\cmpsci122\project\finalproject\finalproject\plot.cpp(404): warning C4996: 'itoa': The POSIX name for this item is deprecated. Instead, use the ISO C++ conformant name: _itoa. See online help for details.
                 c:\program files (x86)\microsoft visual studio 11.0\vc\include\stdlib.h(909) : see declaration of 'itoa'
     1>e:\my useful stuff\school stuff\freshman\cmpsci122\project\finalproject\finalproject\plot.cpp(429): warning C4244: 'initializing' : conversion from 'double' to 'int', possible loss of data
     1>e:\my useful stuff\school stuff\freshman\cmpsci122\project\finalproject\finalproject\plot.cpp(429): warning C4244: '=' : conversion from 'double' to 'int', possible loss of data
     1>e:\my useful stuff\school stuff\freshman\cmpsci122\project\finalproject\finalproject\plot.cpp(435): warning C4996: 'itoa': The POSIX name for this item is deprecated. Instead, use the ISO C++ conformant name: _itoa. See online help for details.
                 c:\program files (x86)\microsoft visual studio 11.0\vc\include\stdlib.h(909) : see declaration of 'itoa'
         main.cpp
     1>e:\my useful stuff\school stuff\freshman\cmpsci122\project\finalproject\finalproject\main.cpp(226): warning C4018: '<' : signed/unsigned mismatch
     1>e:\my useful stuff\school stuff\freshman\cmpsci122\project\finalproject\finalproject\main.cpp(306): warning C4018: '<' : signed/unsigned mismatch
     1>e:\my useful stuff\school stuff\freshman\cmpsci122\project\finalproject\finalproject\main.cpp(401): warning C4018: '<' : signed/unsigned mismatch
     1>e:\my useful stuff\school stuff\freshman\cmpsci122\project\finalproject\finalproject\main.cpp(497): warning C4018: '<' : signed/unsigned mismatch
     1>e:\my useful stuff\school stuff\freshman\cmpsci122\project\finalproject\finalproject\main.cpp(519): warning C4018: '<' : signed/unsigned mismatch
     1>e:\my useful stuff\school stuff\freshman\cmpsci122\project\finalproject\finalproject\main.cpp(540): warning C4018: '<' : signed/unsigned mismatch
         Generating Code...
       Link:
         C:\Program Files (x86)\Microsoft Visual Studio 11.0\VC\bin\link.exe /ERRORREPORT:PROMPT /OUT:"E:\My Useful Stuff\School Stuff\freshman\cmpsci122\project\FinalProject\Debug\FinalProject.exe" /INCREMENTAL /NOLOGO kernel32.lib user32.lib gdi32.lib winspool.lib comdlg32.lib advapi32.lib shell32.lib ole32.lib oleaut32.lib uuid.lib odbc32.lib odbccp32.lib /MANIFEST /MANIFESTUAC:"level='asInvoker' uiAccess='false'" /manifest:embed /DEBUG /PDB:"E:\My Useful Stuff\School Stuff\freshman\cmpsci122\project\FinalProject\Debug\FinalProject.pdb" /TLBID:1 /DYNAMICBASE /NXCOMPAT /IMPLIB:"E:\My Useful Stuff\School Stuff\freshman\cmpsci122\project\FinalProject\Debug\FinalProject.lib" /MACHINE:X86 Debug\Document.obj
         Debug\main.obj
         Debug\Line.obj
         Debug\Plot.obj
         FinalProject.vcxproj -> E:\My Useful Stuff\School Stuff\freshman\cmpsci122\project\FinalProject\Debug\FinalProject.exe
     1>Done Building Project "E:\My Useful Stuff\School Stuff\freshman\cmpsci122\project\FinalProject\FinalProject\FinalProject.vcxproj" (Build target(s)).

Build succeeded.

Time Elapsed 00:00:03.49
